less
htop
zip
unzip
vim-nox
git
subversion
lsof
build-essential
electric-fence
gdb
cscope
exuberant-ctags
strace
ltrace
valgrind
gawk
bash-completion
expect
netcat
telnet
pppoeconf
bind9-host
lynx
curl
ncftp
openssh-server
smbclient
cifs-utils
ldap-utils
finger
pciutils
usbutils
lshw
mc
clusterssh
tree
texlive-latex-base
texlive-latex-extra
texlive-bibtex-extra
texlive-publishers
texlive-science
texlive-lang-european
highlight
apt-file
wodim
genisoimage
libreoffice
flashplugin-installer
mplayer
module-assistant
vim-gnome
deluge
wbar
gitk
xchat
dia
aspell-ro
wireless-tools
tcpdump
nmap
manpages-posix
manpages-posix-dev
make-doc
glibc-doc-reference
pwgen
lshw
emacs
org-mode
emacs-goodies-el
screen
tmux
ethtool
net-tools
python3-sphinx
python3-pip
